<?xml version="1.0" encoding="UTF-8"?>
<coverage generated="1597841766494" clover="3.2.0">
  <project timestamp="1597841766494" name="All files">
    <metrics statements="4" coveredstatements="3" conditionals="2" coveredconditionals="2" methods="2" coveredmethods="1" elements="8" coveredelements="6" complexity="0" loc="4" ncloc="4" packages="1" files="1" classes="1"/>
    <file name="HeaderLine.js" path="/Users/mrmac/Documents/GitHub/pokemon-API-react/src/components/HeaderLine/HeaderLine.js">
      <metrics statements="4" coveredstatements="3" conditionals="2" coveredconditionals="2" methods="2" coveredmethods="1"/>
      <line num="11" count="2" type="stmt"/>
      <line num="12" count="2" type="stmt"/>
      <line num="14" count="2" type="stmt"/>
      <line num="20" count="0" type="stmt"/>
    </file>
  </project>
</coverage>
