{"/Users/mrmac/Documents/GitHub/pokemon-API-react/src/components/HeaderLine/HeaderLine.js": {"path":"/Users/mrmac/Documents/GitHub/pokemon-API-react/src/components/HeaderLine/HeaderLine.js","statementMap":{"0":{"start":{"line":11,"column":19},"end":{"line":30,"column":1}},"1":{"start":{"line":12,"column":21},"end":{"line":12,"column":61}},"2":{"start":{"line":14,"column":2},"end":{"line":29,"column":4}},"3":{"start":{"line":20,"column":25},"end":{"line":20,"column":71}}},"fnMap":{"0":{"name":"(anonymous_0)","decl":{"start":{"line":11,"column":19},"end":{"line":11,"column":20}},"loc":{"start":{"line":11,"column":30},"end":{"line":30,"column":1}},"line":11},"1":{"name":"(anonymous_1)","decl":{"start":{"line":20,"column":19},"end":{"line":20,"column":20}},"loc":{"start":{"line":20,"column":25},"end":{"line":20,"column":71}},"line":20}},"branchMap":{"0":{"loc":{"start":{"line":16,"column":7},"end":{"line":24,"column":7}},"type":"binary-expr","locations":[{"start":{"line":16,"column":7},"end":{"line":16,"column":18}},{"start":{"line":17,"column":8},"end":{"line":23,"column":18}}],"line":16}},"s":{"0":2,"1":2,"2":2,"3":0},"f":{"0":2,"1":0},"b":{"0":[2,1]},"_coverageSchema":"43e27e138ebf9cfc5966b082cf9a028302ed4184","hash":"0e29572186aaa0d4a756d7ab2458837b23affc33"}
}
